<?xml version="1.0" encoding="utf-8"?><testsuites name="pytest tests"><testsuite name="pytest" errors="0" failures="0" skipped="0" tests="15" time="1.148" timestamp="2026-09-13T01:20:28.342288+00:00" hostname="agent-env-5cb6eba8-8ffe-4d7a-a072-848ed6f7154b"><testcase classname="tests.test_digital_uni_api.TestOrders" name="test_create_order" time="0.226" /><testcase classname="tests.test_digital_uni_api.TestEnrollments" name="test_create_enrollment" time="0.237" /><testcase classname="tests.test_digital_uni_api.TestOrders" name="test_list_orders_removed_sec001" time="0.081" /><testcase classname="tests.test_digital_uni_api.TestEnrollments" name="test_enrollment_missing_required" time="0.131" /><testcase classname="tests.test_digital_uni_api.TestOrders" name="test_order_oversized_items_array_rejected" time="0.079" /><testcase classname="tests.test_digital_uni_api.TestEnrollments" name="test_list_enrollments_removed_sec001" time="0.088" /><testcase classname="tests.test_digital_uni_api.TestOrders" name="test_order_negative_price_rejected" time="0.116" /><testcase classname="tests.test_digital_uni_api.TestHealth" name="test_root_api" time="0.085" /><testcase classname="tests.test_digital_uni_api.TestOrders" name="test_order_zero_qty_rejected" time="0.076" /><testcase classname="tests.test_digital_uni_api.TestHealth" name="test_health_endpoint" time="0.002" /><testcase classname="tests.test_digital_uni_api.TestTryouts" name="test_create_tryout_reduced_payload" time="0.090" /><testcase classname="tests.test_digital_uni_api.TestOrders" name="test_order_empty_items_rejected" time="0.073" /><testcase classname="tests.test_digital_uni_api.TestTryouts" name="test_tryout_documents_bounded" time="0.088" /><testcase classname="tests.test_digital_uni_api.TestBadges" name="test_create_badge" time="0.126" /><testcase classname="tests.test_digital_uni_api.TestBadges" name="test_create_passing_badge_from_course_flow" time="0.075" /></testsuite></testsuites>